18:49:13 **** Incremental Build of configuration Debug for project Controller ****
make -j8 all 
arm-none-eabi-gcc "../Core/Src/Router/Router.c" -mcpu=cortex-m3 -std=gnu11 -g3 -DDEBUG -DUSE_HAL_DRIVER -DSTM32F103xB -c -I../Core/Inc -I../Drivers/STM32F1xx_HAL_Driver/Inc/Legacy -I../Drivers/STM32F1xx_HAL_Driver/Inc -I../Drivers/CMSIS/Device/ST/STM32F1xx/Include -I../Drivers/CMSIS/Include -I../Src/Handlers/Inc -O0 -ffunction-sections -fdata-sections -Wall -fstack-usage -fcyclomatic-complexity -MMD -MP -MF"Core/Src/Router/Router.d" -MT"Core/Src/Router/Router.o" --specs=nano.specs -mfloat-abi=soft -mthumb -o "Core/Src/Router/Router.o"
arm-none-eabi-gcc "../Core/Src/Globals/Globals.c" -mcpu=cortex-m3 -std=gnu11 -g3 -DDEBUG -DUSE_HAL_DRIVER -DSTM32F103xB -c -I../Core/Inc -I../Drivers/STM32F1xx_HAL_Driver/Inc/Legacy -I../Drivers/STM32F1xx_HAL_Driver/Inc -I../Drivers/CMSIS/Device/ST/STM32F1xx/Include -I../Drivers/CMSIS/Include -I../Src/Handlers/Inc -O0 -ffunction-sections -fdata-sections -Wall -fstack-usage -fcyclomatic-complexity -MMD -MP -MF"Core/Src/Globals/Globals.d" -MT"Core/Src/Globals/Globals.o" --specs=nano.specs -mfloat-abi=soft -mthumb -o "Core/Src/Globals/Globals.o"
arm-none-eabi-gcc "../Core/Src/main.c" -mcpu=cortex-m3 -std=gnu11 -g3 -DDEBUG -DUSE_HAL_DRIVER -DSTM32F103xB -c -I../Core/Inc -I../Drivers/STM32F1xx_HAL_Driver/Inc/Legacy -I../Drivers/STM32F1xx_HAL_Driver/Inc -I../Drivers/CMSIS/Device/ST/STM32F1xx/Include -I../Drivers/CMSIS/Include -I../Src/Handlers/Inc -O0 -ffunction-sections -fdata-sections -Wall -fstack-usage -fcyclomatic-complexity -MMD -MP -MF"Core/Src/main.d" -MT"Core/Src/main.o" --specs=nano.specs -mfloat-abi=soft -mthumb -o "Core/Src/main.o"
../Core/Src/main.c: In function 'main':
../Core/Src/main.c:166:33: warning: implicit declaration of function 'CheckHeader' [-Wimplicit-function-declaration]
  166 |                                 CheckHeader(); // Configuration FUNCTION as HANDSHAKE, OPENS by the LOG_buffer.
      |                                 ^~~~~~~~~~~
../Core/Src/main.c:171:33: warning: implicit declaration of function 'Handshake' [-Wimplicit-function-declaration]
  171 |                                 Handshake();
      |                                 ^~~~~~~~~
../Core/Src/main.c:175:33: warning: implicit declaration of function 'Validation' [-Wimplicit-function-declaration]
  175 |                                 Validation();
      |                                 ^~~~~~~~~~
../Core/Src/main.c:179:33: warning: implicit declaration of function 'PostUCO' [-Wimplicit-function-declaration]
  179 |                                 PostUCO();
      |                                 ^~~~~~~
../Core/Src/main.c:183:33: warning: implicit declaration of function 'PostPeriodic' [-Wimplicit-function-declaration]
  183 |                                 PostPeriodic();
      |                                 ^~~~~~~~~~~~
../Core/Src/main.c:187:33: warning: implicit declaration of function 'DoorOpen_Measure' [-Wimplicit-function-declaration]
  187 |                                 DoorOpen_Measure();
      |                                 ^~~~~~~~~~~~~~~~
../Core/Src/main.c:191:33: warning: implicit declaration of function 'DoorClose_Measure' [-Wimplicit-function-declaration]
  191 |                                 DoorClose_Measure();
      |                                 ^~~~~~~~~~~~~~~~~
../Core/Src/main.c:195:33: warning: implicit declaration of function 'Recheck' [-Wimplicit-function-declaration]
  195 |                                 Recheck();
      |                                 ^~~~~~~
../Core/Src/main.c:199:33: warning: implicit declaration of function 'UnlockDoor' [-Wimplicit-function-declaration]
  199 |                                 UnlockDoor();
      |                                 ^~~~~~~~~~
../Core/Src/main.c:203:33: warning: implicit declaration of function 'SleepMode' [-Wimplicit-function-declaration]
  203 |                                 SleepMode();
      |                                 ^~~~~~~~~
../Core/Src/main.c:207:33: warning: implicit declaration of function 'AlarmWakeUpMode' [-Wimplicit-function-declaration]
  207 |                                 AlarmWakeUpMode();
      |                                 ^~~~~~~~~~~~~~~
../Core/Src/main.c:211:33: warning: implicit declaration of function 'EXTIWakeUp' [-Wimplicit-function-declaration]
  211 |                                 EXTIWakeUp();
      |                                 ^~~~~~~~~~
../Core/Src/main.c:215:33: warning: implicit declaration of function 'CloseValve' [-Wimplicit-function-declaration]
  215 |                                 CloseValve();
      |                                 ^~~~~~~~~~
../Core/Src/main.c:219:33: warning: implicit declaration of function 'OpenValve' [-Wimplicit-function-declaration]
  219 |                                 OpenValve();
      |                                 ^~~~~~~~~
../Core/Src/main.c:222:33: warning: implicit declaration of function 'TurnOff' [-Wimplicit-function-declaration]
  222 |                                 TurnOff();
      |                                 ^~~~~~~
../Core/Src/main.c:225:33: warning: implicit declaration of function 'TestPercent' [-Wimplicit-function-declaration]
  225 |                                 TestPercent();
      |                                 ^~~~~~~~~~~
../Core/Src/main.c:228:33: warning: implicit declaration of function 'TestMeasure' [-Wimplicit-function-declaration]
  228 |                                 TestMeasure();
      |                                 ^~~~~~~~~~~
../Core/Src/main.c:231:33: warning: implicit declaration of function 'TestSDClose' [-Wimplicit-function-declaration]
  231 |                                 TestSDClose();
      |                                 ^~~~~~~~~~~
../Core/Src/main.c:234:33: warning: implicit declaration of function 'TestSDOpen' [-Wimplicit-function-declaration]
  234 |                                 TestSDOpen();
      |                                 ^~~~~~~~~~
../Core/Src/main.c:237:33: warning: implicit declaration of function 'Setting' [-Wimplicit-function-declaration]
  237 |                                 Setting();
      |                                 ^~~~~~~
../Core/Src/main.c:137:15: warning: unused variable 'calibration_factor' [-Wunused-variable]
  137 |         float calibration_factor = 200.0f;
      |               ^~~~~~~~~~~~~~~~~~
../Core/Src/main.c:136:17: warning: unused variable 'scale2' [-Wunused-variable]
  136 |         HX711_t scale2;
      |                 ^~~~~~
../Core/Src/main.c:135:17: warning: unused variable 'scale1' [-Wunused-variable]
  135 |         HX711_t scale1;
      |                 ^~~~~~
../Core/Src/main.c:127:18: warning: unused variable 'offset_DistanceTof' [-Wunused-variable]
  127 |         uint16_t offset_DistanceTof = VL53L0X_OFFSET(&distanceStr);
      |                  ^~~~~~~~~~~~~~~~~~
arm-none-eabi-gcc -o "Controller.elf" @"objects.list"   -mcpu=cortex-m3 -T"C:\Users\bb\Desktop\refeed\ControllerProject\WorkSpace_Controller11_0\controller11_0\Controller11_0\STM32F103C8TX_FLASH.ld" --specs=nosys.specs -Wl,-Map="Controller.map" -Wl,--gc-sections -static --specs=nano.specs -mfloat-abi=soft -mthumb -u _printf_float -Wl,--start-group -lc -lm -Wl,--end-group
C:/ST/STM32CubeIDE_1.19.0/STM32CubeIDE/plugins/com.st.stm32cube.ide.mcu.externaltools.gnu-tools-for-stm32.13.3.rel1.win32_1.0.0.202411081344/tools/bin/../lib/gcc/arm-none-eabi/13.3.1/../../../../arm-none-eabi/bin/ld.exe: ./Core/Src/Globals/Globals.o: in function `LOG':
C:/Users/bb/Desktop/refeed/ControllerProject/WorkSpace_Controller11_0/controller11_0/Controller11_0/Debug/../Core/Src/Globals/Globals.c:33:(.text.LOG+0xb0): undefined reference to `huart1'
C:/ST/STM32CubeIDE_1.19.0/STM32CubeIDE/plugins/com.st.stm32cube.ide.mcu.externaltools.gnu-tools-for-stm32.13.3.rel1.win32_1.0.0.202411081344/tools/bin/../lib/gcc/arm-none-eabi/13.3.1/../../../../arm-none-eabi/bin/ld.exe: ./Core/Src/RTC.o: in function `Set_RTC':
C:/Users/bb/Desktop/refeed/ControllerProject/WorkSpace_Controller11_0/controller11_0/Controller11_0/Debug/../Core/Src/RTC.c:18:(.text.Set_RTC+0x38): undefined reference to `sTime'
C:/ST/STM32CubeIDE_1.19.0/STM32CubeIDE/plugins/com.st.stm32cube.ide.mcu.externaltools.gnu-tools-for-stm32.13.3.rel1.win32_1.0.0.202411081344/tools/bin/../lib/gcc/arm-none-eabi/13.3.1/../../../../arm-none-eabi/bin/ld.exe: C:/Users/bb/Desktop/refeed/ControllerProject/WorkSpace_Controller11_0/controller11_0/Controller11_0/Debug/../Core/Src/RTC.c:18:(.text.Set_RTC+0x3c): undefined reference to `hrtc'
C:/ST/STM32CubeIDE_1.19.0/STM32CubeIDE/plugins/com.st.stm32cube.ide.mcu.externaltools.gnu-tools-for-stm32.13.3.rel1.win32_1.0.0.202411081344/tools/bin/../lib/gcc/arm-none-eabi/13.3.1/../../../../arm-none-eabi/bin/ld.exe: ./Core/Src/SIMCOM.o: in function `Transmit':
C:/Users/bb/Desktop/refeed/ControllerProject/WorkSpace_Controller11_0/controller11_0/Controller11_0/Debug/../Core/Src/SIMCOM.c:82:(.text.Transmit+0x64): undefined reference to `huart2'
C:/ST/STM32CubeIDE_1.19.0/STM32CubeIDE/plugins/com.st.stm32cube.ide.mcu.externaltools.gnu-tools-for-stm32.13.3.rel1.win32_1.0.0.202411081344/tools/bin/../lib/gcc/arm-none-eabi/13.3.1/../../../../arm-none-eabi/bin/ld.exe: ./Core/Src/main.o: in function `main':
C:/Users/bb/Desktop/refeed/ControllerProject/WorkSpace_Controller11_0/controller11_0/Controller11_0/Debug/../Core/Src/main.c:183:(.text.main+0x17a): undefined reference to `PostPeriodic'
C:/ST/STM32CubeIDE_1.19.0/STM32CubeIDE/plugins/com.st.stm32cube.ide.mcu.externaltools.gnu-tools-for-stm32.13.3.rel1.win32_1.0.0.202411081344/tools/bin/../lib/gcc/arm-none-eabi/13.3.1/../../../../arm-none-eabi/bin/ld.exe: C:/Users/bb/Desktop/refeed/ControllerProject/WorkSpace_Controller11_0/controller11_0/Controller11_0/Debug/../Core/Src/main.c:187:(.text.main+0x180): undefined reference to `DoorOpen_Measure'
C:/ST/STM32CubeIDE_1.19.0/STM32CubeIDE/plugins/com.st.stm32cube.ide.mcu.externaltools.gnu-tools-for-stm32.13.3.rel1.win32_1.0.0.202411081344/tools/bin/../lib/gcc/arm-none-eabi/13.3.1/../../../../arm-none-eabi/bin/ld.exe: C:/Users/bb/Desktop/refeed/ControllerProject/WorkSpace_Controller11_0/controller11_0/Controller11_0/Debug/../Core/Src/main.c:191:(.text.main+0x186): undefined reference to `DoorClose_Measure'
C:/ST/STM32CubeIDE_1.19.0/STM32CubeIDE/plugins/com.st.stm32cube.ide.mcu.externaltools.gnu-tools-for-stm32.13.3.rel1.win32_1.0.0.202411081344/tools/bin/../lib/gcc/arm-none-eabi/13.3.1/../../../../arm-none-eabi/bin/ld.exe: C:/Users/bb/Desktop/refeed/ControllerProject/WorkSpace_Controller11_0/controller11_0/Controller11_0/Debug/../Core/Src/main.c:203:(.text.main+0x198): undefined reference to `SleepMode'
C:/ST/STM32CubeIDE_1.19.0/STM32CubeIDE/plugins/com.st.stm32cube.ide.mcu.externaltools.gnu-tools-for-stm32.13.3.rel1.win32_1.0.0.202411081344/tools/bin/../lib/gcc/arm-none-eabi/13.3.1/../../../../arm-none-eabi/bin/ld.exe: C:/Users/bb/Desktop/refeed/ControllerProject/WorkSpace_Controller11_0/controller11_0/Controller11_0/Debug/../Core/Src/main.c:207:(.text.main+0x19e): undefined reference to `AlarmWakeUpMode'
C:/ST/STM32CubeIDE_1.19.0/STM32CubeIDE/plugins/com.st.stm32cube.ide.mcu.externaltools.gnu-tools-for-stm32.13.3.rel1.win32_1.0.0.202411081344/tools/bin/../lib/gcc/arm-none-eabi/13.3.1/../../../../arm-none-eabi/bin/ld.exe: C:/Users/bb/Desktop/refeed/ControllerProject/WorkSpace_Controller11_0/controller11_0/Controller11_0/Debug/../Core/Src/main.c:155:(.text.main+0x1f0): undefined reference to `LOG_buffer'
C:/ST/STM32CubeIDE_1.19.0/STM32CubeIDE/plugins/com.st.stm32cube.ide.mcu.externaltools.gnu-tools-for-stm32.13.3.rel1.win32_1.0.0.202411081344/tools/bin/../lib/gcc/arm-none-eabi/13.3.1/../../../../arm-none-eabi/bin/ld.exe: C:/Users/bb/Desktop/refeed/ControllerProject/WorkSpace_Controller11_0/controller11_0/Controller11_0/Debug/../Core/Src/main.c:155:(.text.main+0x1f4): undefined reference to `huart1'
C:/ST/STM32CubeIDE_1.19.0/STM32CubeIDE/plugins/com.st.stm32cube.ide.mcu.externaltools.gnu-tools-for-stm32.13.3.rel1.win32_1.0.0.202411081344/tools/bin/../lib/gcc/arm-none-eabi/13.3.1/../../../../arm-none-eabi/bin/ld.exe: C:/Users/bb/Desktop/refeed/ControllerProject/WorkSpace_Controller11_0/controller11_0/Controller11_0/Debug/../Core/Src/main.c:155:(.text.main+0x1fc): undefined reference to `huart2'
C:/ST/STM32CubeIDE_1.19.0/STM32CubeIDE/plugins/com.st.stm32cube.ide.mcu.externaltools.gnu-tools-for-stm32.13.3.rel1.win32_1.0.0.202411081344/tools/bin/../lib/gcc/arm-none-eabi/13.3.1/../../../../arm-none-eabi/bin/ld.exe: C:/Users/bb/Desktop/refeed/ControllerProject/WorkSpace_Controller11_0/controller11_0/Controller11_0/Debug/../Core/Src/main.c:155:(.text.main+0x200): undefined reference to `hi2c1'
C:/ST/STM32CubeIDE_1.19.0/STM32CubeIDE/plugins/com.st.stm32cube.ide.mcu.externaltools.gnu-tools-for-stm32.13.3.rel1.win32_1.0.0.202411081344/tools/bin/../lib/gcc/arm-none-eabi/13.3.1/../../../../arm-none-eabi/bin/ld.exe: C:/Users/bb/Desktop/refeed/ControllerProject/WorkSpace_Controller11_0/controller11_0/Controller11_0/Debug/../Core/Src/main.c:155:(.text.main+0x204): undefined reference to `htim1'
C:/ST/STM32CubeIDE_1.19.0/STM32CubeIDE/plugins/com.st.stm32cube.ide.mcu.externaltools.gnu-tools-for-stm32.13.3.rel1.win32_1.0.0.202411081344/tools/bin/../lib/gcc/arm-none-eabi/13.3.1/../../../../arm-none-eabi/bin/ld.exe: C:/Users/bb/Desktop/refeed/ControllerProject/WorkSpace_Controller11_0/controller11_0/Controller11_0/Debug/../Core/Src/main.c:155:(.text.main+0x20c): undefined reference to `hadc1'
C:/ST/STM32CubeIDE_1.19.0/STM32CubeIDE/plugins/com.st.stm32cube.ide.mcu.externaltools.gnu-tools-for-stm32.13.3.rel1.win32_1.0.0.202411081344/tools/bin/../lib/gcc/arm-none-eabi/13.3.1/../../../../arm-none-eabi/bin/ld.exe: C:/Users/bb/Desktop/refeed/ControllerProject/WorkSpace_Controller11_0/controller11_0/Controller11_0/Debug/../Core/Src/main.c:155:(.text.main+0x210): undefined reference to `hadc2'
C:/ST/STM32CubeIDE_1.19.0/STM32CubeIDE/plugins/com.st.stm32cube.ide.mcu.externaltools.gnu-tools-for-stm32.13.3.rel1.win32_1.0.0.202411081344/tools/bin/../lib/gcc/arm-none-eabi/13.3.1/../../../../arm-none-eabi/bin/ld.exe: C:/Users/bb/Desktop/refeed/ControllerProject/WorkSpace_Controller11_0/controller11_0/Controller11_0/Debug/../Core/Src/main.c:155:(.text.main+0x214): undefined reference to `FUNCTION'
C:/ST/STM32CubeIDE_1.19.0/STM32CubeIDE/plugins/com.st.stm32cube.ide.mcu.externaltools.gnu-tools-for-stm32.13.3.rel1.win32_1.0.0.202411081344/tools/bin/../lib/gcc/arm-none-eabi/13.3.1/../../../../arm-none-eabi/bin/ld.exe: C:/Users/bb/Desktop/refeed/ControllerProject/WorkSpace_Controller11_0/controller11_0/Controller11_0/Debug/../Core/Src/main.c:155:(.text.main+0x224): undefined reference to `LOG_DataValid'
C:/ST/STM32CubeIDE_1.19.0/STM32CubeIDE/plugins/com.st.stm32cube.ide.mcu.externaltools.gnu-tools-for-stm32.13.3.rel1.win32_1.0.0.202411081344/tools/bin/../lib/gcc/arm-none-eabi/13.3.1/../../../../arm-none-eabi/bin/ld.exe: C:/Users/bb/Desktop/refeed/ControllerProject/WorkSpace_Controller11_0/controller11_0/Controller11_0/Debug/../Core/Src/main.c:155:(.text.main+0x228): undefined reference to `EXTI_Wakeup'
C:/ST/STM32CubeIDE_1.19.0/STM32CubeIDE/plugins/com.st.stm32cube.ide.mcu.externaltools.gnu-tools-for-stm32.13.3.rel1.win32_1.0.0.202411081344/tools/bin/../lib/gcc/arm-none-eabi/13.3.1/../../../../arm-none-eabi/bin/ld.exe: C:/Users/bb/Desktop/refeed/ControllerProject/WorkSpace_Controller11_0/controller11_0/Controller11_0/Debug/../Core/Src/main.c:155:(.text.main+0x22c): undefined reference to `Alarm_Wakeup'
C:/ST/STM32CubeIDE_1.19.0/STM32CubeIDE/plugins/com.st.stm32cube.ide.mcu.externaltools.gnu-tools-for-stm32.13.3.rel1.win32_1.0.0.202411081344/tools/bin/../lib/gcc/arm-none-eabi/13.3.1/../../../../arm-none-eabi/bin/ld.exe: ./Core/Src/main.o: in function `MX_ADC1_Init':
C:/Users/bb/Desktop/refeed/ControllerProject/WorkSpace_Controller11_0/controller11_0/Controller11_0/Debug/../Core/Src/main.c:336:(.text.MX_ADC1_Init+0x74): undefined reference to `hadc1'
C:/ST/STM32CubeIDE_1.19.0/STM32CubeIDE/plugins/com.st.stm32cube.ide.mcu.externaltools.gnu-tools-for-stm32.13.3.rel1.win32_1.0.0.202411081344/tools/bin/../lib/gcc/arm-none-eabi/13.3.1/../../../../arm-none-eabi/bin/ld.exe: ./Core/Src/main.o: in function `MX_ADC2_Init':
C:/Users/bb/Desktop/refeed/ControllerProject/WorkSpace_Controller11_0/controller11_0/Controller11_0/Debug/../Core/Src/main.c:380:(.text.MX_ADC2_Init+0x74): undefined reference to `hadc2'
C:/ST/STM32CubeIDE_1.19.0/STM32CubeIDE/plugins/com.st.stm32cube.ide.mcu.externaltools.gnu-tools-for-stm32.13.3.rel1.win32_1.0.0.202411081344/tools/bin/../lib/gcc/arm-none-eabi/13.3.1/../../../../arm-none-eabi/bin/ld.exe: ./Core/Src/main.o: in function `MX_I2C1_Init':
C:/Users/bb/Desktop/refeed/ControllerProject/WorkSpace_Controller11_0/controller11_0/Controller11_0/Debug/../Core/Src/main.c:412:(.text.MX_I2C1_Init+0x50): undefined reference to `hi2c1'
C:/ST/STM32CubeIDE_1.19.0/STM32CubeIDE/plugins/com.st.stm32cube.ide.mcu.externaltools.gnu-tools-for-stm32.13.3.rel1.win32_1.0.0.202411081344/tools/bin/../lib/gcc/arm-none-eabi/13.3.1/../../../../arm-none-eabi/bin/ld.exe: ./Core/Src/main.o: in function `MX_RTC_Init':
C:/Users/bb/Desktop/refeed/ControllerProject/WorkSpace_Controller11_0/controller11_0/Controller11_0/Debug/../Core/Src/main.c:477:(.text.MX_RTC_Init+0xc0): undefined reference to `hrtc'
C:/ST/STM32CubeIDE_1.19.0/STM32CubeIDE/plugins/com.st.stm32cube.ide.mcu.externaltools.gnu-tools-for-stm32.13.3.rel1.win32_1.0.0.202411081344/tools/bin/../lib/gcc/arm-none-eabi/13.3.1/../../../../arm-none-eabi/bin/ld.exe: ./Core/Src/main.o: in function `MX_TIM1_Init':
C:/Users/bb/Desktop/refeed/ControllerProject/WorkSpace_Controller11_0/controller11_0/Controller11_0/Debug/../Core/Src/main.c:520:(.text.MX_TIM1_Init+0x98): undefined reference to `htim1'
C:/ST/STM32CubeIDE_1.19.0/STM32CubeIDE/plugins/com.st.stm32cube.ide.mcu.externaltools.gnu-tools-for-stm32.13.3.rel1.win32_1.0.0.202411081344/tools/bin/../lib/gcc/arm-none-eabi/13.3.1/../../../../arm-none-eabi/bin/ld.exe: ./Core/Src/main.o: in function `MX_USART1_UART_Init':
C:/Users/bb/Desktop/refeed/ControllerProject/WorkSpace_Controller11_0/controller11_0/Controller11_0/Debug/../Core/Src/main.c:551:(.text.MX_USART1_UART_Init+0x4c): undefined reference to `huart1'
C:/ST/STM32CubeIDE_1.19.0/STM32CubeIDE/plugins/com.st.stm32cube.ide.mcu.externaltools.gnu-tools-for-stm32.13.3.rel1.win32_1.0.0.202411081344/tools/bin/../lib/gcc/arm-none-eabi/13.3.1/../../../../arm-none-eabi/bin/ld.exe: ./Core/Src/main.o: in function `MX_USART2_UART_Init':
C:/Users/bb/Desktop/refeed/ControllerProject/WorkSpace_Controller11_0/controller11_0/Controller11_0/Debug/../Core/Src/main.c:582:(.text.MX_USART2_UART_Init+0x4c): undefined reference to `huart2'
C:/ST/STM32CubeIDE_1.19.0/STM32CubeIDE/plugins/com.st.stm32cube.ide.mcu.externaltools.gnu-tools-for-stm32.13.3.rel1.win32_1.0.0.202411081344/tools/bin/../lib/gcc/arm-none-eabi/13.3.1/../../../../arm-none-eabi/bin/ld.exe: ./Core/Src/main.o: in function `HAL_UARTEx_RxEventCallback':
C:/Users/bb/Desktop/refeed/ControllerProject/WorkSpace_Controller11_0/controller11_0/Controller11_0/Debug/../Core/Src/main.c:694:(.text.HAL_UARTEx_RxEventCallback+0x84): undefined reference to `LOG_buffer'
C:/ST/STM32CubeIDE_1.19.0/STM32CubeIDE/plugins/com.st.stm32cube.ide.mcu.externaltools.gnu-tools-for-stm32.13.3.rel1.win32_1.0.0.202411081344/tools/bin/../lib/gcc/arm-none-eabi/13.3.1/../../../../arm-none-eabi/bin/ld.exe: C:/Users/bb/Desktop/refeed/ControllerProject/WorkSpace_Controller11_0/controller11_0/Controller11_0/Debug/../Core/Src/main.c:694:(.text.HAL_UARTEx_RxEventCallback+0x88): undefined reference to `LOG_DataValid'
C:/ST/STM32CubeIDE_1.19.0/STM32CubeIDE/plugins/com.st.stm32cube.ide.mcu.externaltools.gnu-tools-for-stm32.13.3.rel1.win32_1.0.0.202411081344/tools/bin/../lib/gcc/arm-none-eabi/13.3.1/../../../../arm-none-eabi/bin/ld.exe: C:/Users/bb/Desktop/refeed/ControllerProject/WorkSpace_Controller11_0/controller11_0/Controller11_0/Debug/../Core/Src/main.c:694:(.text.HAL_UARTEx_RxEventCallback+0x8c): undefined reference to `huart1'
C:/ST/STM32CubeIDE_1.19.0/STM32CubeIDE/plugins/com.st.stm32cube.ide.mcu.externaltools.gnu-tools-for-stm32.13.3.rel1.win32_1.0.0.202411081344/tools/bin/../lib/gcc/arm-none-eabi/13.3.1/../../../../arm-none-eabi/bin/ld.exe: C:/Users/bb/Desktop/refeed/ControllerProject/WorkSpace_Controller11_0/controller11_0/Controller11_0/Debug/../Core/Src/main.c:694:(.text.HAL_UARTEx_RxEventCallback+0x9c): undefined reference to `huart2'
C:/ST/STM32CubeIDE_1.19.0/STM32CubeIDE/plugins/com.st.stm32cube.ide.mcu.externaltools.gnu-tools-for-stm32.13.3.rel1.win32_1.0.0.202411081344/tools/bin/../lib/gcc/arm-none-eabi/13.3.1/../../../../arm-none-eabi/bin/ld.exe: ./Core/Src/main.o: in function `HAL_GPIO_EXTI_Callback':
C:/Users/bb/Desktop/refeed/ControllerProject/WorkSpace_Controller11_0/controller11_0/Controller11_0/Debug/../Core/Src/main.c:707:(.text.HAL_GPIO_EXTI_Callback+0x34): undefined reference to `flag_EXTI'
C:/ST/STM32CubeIDE_1.19.0/STM32CubeIDE/plugins/com.st.stm32cube.ide.mcu.externaltools.gnu-tools-for-stm32.13.3.rel1.win32_1.0.0.202411081344/tools/bin/../lib/gcc/arm-none-eabi/13.3.1/../../../../arm-none-eabi/bin/ld.exe: C:/Users/bb/Desktop/refeed/ControllerProject/WorkSpace_Controller11_0/controller11_0/Controller11_0/Debug/../Core/Src/main.c:707:(.text.HAL_GPIO_EXTI_Callback+0x38): undefined reference to `EXTI_Wakeup'
C:/ST/STM32CubeIDE_1.19.0/STM32CubeIDE/plugins/com.st.stm32cube.ide.mcu.externaltools.gnu-tools-for-stm32.13.3.rel1.win32_1.0.0.202411081344/tools/bin/../lib/gcc/arm-none-eabi/13.3.1/../../../../arm-none-eabi/bin/ld.exe: C:/Users/bb/Desktop/refeed/ControllerProject/WorkSpace_Controller11_0/controller11_0/Controller11_0/Debug/../Core/Src/main.c:707:(.text.HAL_GPIO_EXTI_Callback+0x3c): undefined reference to `LOG_DataValid'
C:/ST/STM32CubeIDE_1.19.0/STM32CubeIDE/plugins/com.st.stm32cube.ide.mcu.externaltools.gnu-tools-for-stm32.13.3.rel1.win32_1.0.0.202411081344/tools/bin/../lib/gcc/arm-none-eabi/13.3.1/../../../../arm-none-eabi/bin/ld.exe: ./Core/Src/main.o: in function `HAL_RTC_AlarmAEventCallback':
C:/Users/bb/Desktop/refeed/ControllerProject/WorkSpace_Controller11_0/controller11_0/Controller11_0/Debug/../Core/Src/main.c:713:(.text.HAL_RTC_AlarmAEventCallback+0x28): undefined reference to `Alarm_Wakeup'
C:/ST/STM32CubeIDE_1.19.0/STM32CubeIDE/plugins/com.st.stm32cube.ide.mcu.externaltools.gnu-tools-for-stm32.13.3.rel1.win32_1.0.0.202411081344/tools/bin/../lib/gcc/arm-none-eabi/13.3.1/../../../../arm-none-eabi/bin/ld.exe: C:/Users/bb/Desktop/refeed/ControllerProject/WorkSpace_Controller11_0/controller11_0/Controller11_0/Debug/../Core/Src/main.c:713:(.text.HAL_RTC_AlarmAEventCallback+0x2c): undefined reference to `LOG_DataValid'
C:/ST/STM32CubeIDE_1.19.0/STM32CubeIDE/plugins/com.st.stm32cube.ide.mcu.externaltools.gnu-tools-for-stm32.13.3.rel1.win32_1.0.0.202411081344/tools/bin/../lib/gcc/arm-none-eabi/13.3.1/../../../../arm-none-eabi/bin/ld.exe: ./Core/Src/stm32f1xx_it.o: in function `RTC_IRQHandler':
C:/Users/bb/Desktop/refeed/ControllerProject/WorkSpace_Controller11_0/controller11_0/Controller11_0/Debug/../Core/Src/stm32f1xx_it.c:215:(.text.RTC_IRQHandler+0x10): undefined reference to `hrtc'
C:/ST/STM32CubeIDE_1.19.0/STM32CubeIDE/plugins/com.st.stm32cube.ide.mcu.externaltools.gnu-tools-for-stm32.13.3.rel1.win32_1.0.0.202411081344/tools/bin/../lib/gcc/arm-none-eabi/13.3.1/../../../../arm-none-eabi/bin/ld.exe: ./Core/Src/stm32f1xx_it.o: in function `USART1_IRQHandler':
C:/Users/bb/Desktop/refeed/ControllerProject/WorkSpace_Controller11_0/controller11_0/Controller11_0/Debug/../Core/Src/stm32f1xx_it.c:243:(.text.USART1_IRQHandler+0x10): undefined reference to `huart1'
C:/ST/STM32CubeIDE_1.19.0/STM32CubeIDE/plugins/com.st.stm32cube.ide.mcu.externaltools.gnu-tools-for-stm32.13.3.rel1.win32_1.0.0.202411081344/tools/bin/../lib/gcc/arm-none-eabi/13.3.1/../../../../arm-none-eabi/bin/ld.exe: ./Core/Src/stm32f1xx_it.o: in function `USART2_IRQHandler':
C:/Users/bb/Desktop/refeed/ControllerProject/WorkSpace_Controller11_0/controller11_0/Controller11_0/Debug/../Core/Src/stm32f1xx_it.c:257:(.text.USART2_IRQHandler+0x10): undefined reference to `huart2'
C:/ST/STM32CubeIDE_1.19.0/STM32CubeIDE/plugins/com.st.stm32cube.ide.mcu.externaltools.gnu-tools-for-stm32.13.3.rel1.win32_1.0.0.202411081344/tools/bin/../lib/gcc/arm-none-eabi/13.3.1/../../../../arm-none-eabi/bin/ld.exe: ./Core/Src/stm32f1xx_it.o: in function `RTC_Alarm_IRQHandler':
C:/Users/bb/Desktop/refeed/ControllerProject/WorkSpace_Controller11_0/controller11_0/Controller11_0/Debug/../Core/Src/stm32f1xx_it.c:271:(.text.RTC_Alarm_IRQHandler+0x10): undefined reference to `hrtc'
C:/ST/STM32CubeIDE_1.19.0/STM32CubeIDE/plugins/com.st.stm32cube.ide.mcu.externaltools.gnu-tools-for-stm32.13.3.rel1.win32_1.0.0.202411081344/tools/bin/../lib/gcc/arm-none-eabi/13.3.1/../../../../arm-none-eabi/bin/ld.exe: ./Core/Src/Router/Router.o: in function `CheckHeader':
C:/Users/bb/Desktop/refeed/ControllerProject/WorkSpace_Controller11_0/controller11_0/Controller11_0/Debug/../Core/Src/Router/Router.c:63:(.text.CheckHeader+0x80): undefined reference to `FUNCTION'
C:/ST/STM32CubeIDE_1.19.0/STM32CubeIDE/plugins/com.st.stm32cube.ide.mcu.externaltools.gnu-tools-for-stm32.13.3.rel1.win32_1.0.0.202411081344/tools/bin/../lib/gcc/arm-none-eabi/13.3.1/../../../../arm-none-eabi/bin/ld.exe: C:/Users/bb/Desktop/refeed/ControllerProject/WorkSpace_Controller11_0/controller11_0/Controller11_0/Debug/../Core/Src/Router/Router.c:63:(.text.CheckHeader+0x84): undefined reference to `LOG_buffer'
collect2.exe: error: ld returned 1 exit status
make: *** [makefile:68: Controller.elf] Error 1
"make -j8 all" terminated with exit code 2. Build might be incomplete.

18:49:15 Build Failed. 43 errors, 24 warnings. (took 1s.647ms)

